This file contains any messages produced by compilers while
running configure, to aid debugging if configure makes a mistake.

It was created by LLVM configure 3.3, which was
generated by GNU Autoconf 2.60.  Invocation command line was

  $ ../configure --enable-targets=host-only

## --------- ##
## Platform. ##
## --------- ##

hostname = msticlem11.ims.intel.com
uname -m = x86_64
uname -r = 12.2.0
uname -s = Darwin
uname -v = Darwin Kernel Version 12.2.0: Sat Aug 25 00:48:52 PDT 2012; root:xnu-2050.18.24~1/RELEASE_X86_64

/usr/bin/uname -p = i386
/bin/uname -X     = unknown

/bin/arch              = unknown
/usr/bin/arch -k       = unknown
/usr/convex/getsysinfo = unknown
/usr/bin/hostinfo      = Mach kernel version:
	 Darwin Kernel Version 12.2.0: Sat Aug 25 00:48:52 PDT 2012; root:xnu-2050.18.24~1/RELEASE_X86_64
Kernel configured for up to 8 processors.
4 processors are physically available.
8 processors are logically available.
Processor type: i486 (Intel 80486)
Processors active: 0 1 2 3 4 5 6 7
Primary memory available: 8.00 gigabytes
Default processor set: 93 tasks, 357 threads, 8 processors
Load average: 2.85, Mach factor: 5.13
/bin/machine           = unknown
/usr/bin/oslevel       = unknown
/bin/universe          = unknown

PATH: /rdrive/llvmlib/llvm_20130823/bin/prod/efi2_mos64
PATH: /usr/bin
PATH: /export/users/abataev/development/Test/tc
PATH: /nfs/ims/proj/icl/rdrive/ics/itools/efi2_mos64/bin
PATH: /nfs/ims/proj/icl/rdrive/ics/itools/efi2_mos64/perl/bin
PATH: /nfs/ims/proj/icl/rdrive/ics/itools/unx/bin
PATH: /rdrive/cmplr_mac/bin
PATH: .
PATH: /nfs/ims/proj/icl/llvm/mac/bin
PATH: /usr/bin
PATH: /bin
PATH: /usr/sbin
PATH: /sbin
PATH: /usr/local/bin
PATH: /opt/intel/vtune/bin
PATH: /nfs/ims/home/abataev/bin
PATH: /iclmnt/msticlxl2_sharedws/opt/il0/abataev/bin
PATH: /rdrive/pkg/graphviz/bin
PATH: /nfs/ims/home/abataev/intel/licenses
PATH: /opt/intel/iet/bin
PATH: /rdrive/netbatch/nb80/bin


## ----------- ##
## Core tests. ##
## ----------- ##

configure:1967: error: cannot find install-sh or install.sh in autoconf ".."/autoconf

## ---------------- ##
## Cache variables. ##
## ---------------- ##

ac_cv_env_CCC_set=
ac_cv_env_CCC_value=
ac_cv_env_CC_set=
ac_cv_env_CC_value=
ac_cv_env_CFLAGS_set=
ac_cv_env_CFLAGS_value=
ac_cv_env_CPPFLAGS_set=
ac_cv_env_CPPFLAGS_value=
ac_cv_env_CPP_set=
ac_cv_env_CPP_value=
ac_cv_env_CXXCPP_set=
ac_cv_env_CXXCPP_value=
ac_cv_env_CXXFLAGS_set=
ac_cv_env_CXXFLAGS_value=
ac_cv_env_CXX_set=
ac_cv_env_CXX_value=
ac_cv_env_LDFLAGS_set=
ac_cv_env_LDFLAGS_value=
ac_cv_env_build_alias_set=
ac_cv_env_build_alias_value=
ac_cv_env_host_alias_set=
ac_cv_env_host_alias_value=
ac_cv_env_target_alias_set=
ac_cv_env_target_alias_value=

## ----------------- ##
## Output variables. ##
## ----------------- ##

ALL_BINDINGS=''
AR=''
ARCH=''
BINDINGS_TO_BUILD=''
BINPWD=''
BINUTILS_INCDIR=''
BUILD_CC=''
BUILD_CXX=''
BUILD_EXEEXT=''
BZIP2=''
CAT=''
CC=''
CFLAGS=''
CIRCO=''
CLANG_SRC_ROOT=''
CMP=''
CONVENIENCE_LTDL_FALSE=''
CONVENIENCE_LTDL_TRUE=''
COVERED_SWITCH_DEFAULT=''
CP=''
CPP=''
CPPFLAGS=''
CVSBUILD=''
CXX=''
CXXCPP=''
CXXFLAGS=''
DATE=''
DEBUG_RUNTIME=''
DEBUG_SYMBOLS=''
DEFS=''
DISABLE_ASSERTIONS=''
DOT=''
DOTTY=''
DOXYGEN=''
ECHO_C='ECHO_N=''
ECHO_T=''
EGREP=''
ENABLE_BACKTRACES=''
ENABLE_CLANG_ARCMT=''
ENABLE_CLANG_REWRITER=''
ENABLE_CLANG_STATIC_ANALYZER=''
ENABLE_CXX11=''
ENABLE_DOCS=''
ENABLE_DOXYGEN=''
ENABLE_EMBED_STDCXX=''
ENABLE_EXPENSIVE_CHECKS=''
ENABLE_LIBCPP=''
ENABLE_OPTIMIZED=''
ENABLE_PIC=''
ENABLE_POLLY=''
ENABLE_PROFILING=''
ENABLE_PTHREADS=''
ENABLE_SHARED=''
ENABLE_TIMESTAMPS=''
ENABLE_VISIBILITY_INLINES_HIDDEN=''
ENABLE_WERROR=''
ENDIAN=''
EXEEXT=''
EXPENSIVE_CHECKS=''
EXTRA_LD_OPTIONS=''
EXTRA_OPTIONS=''
FDP=''
FIND=''
GAS=''
GRAPHVIZ=''
GREP=''
GROFF=''
GV=''
GZIPBIN=''
HAVE_LIBZ=''
HAVE_LINK_VERSION_SCRIPT=''
HAVE_PTHREAD=''
HOST_ARCH=''
HOST_OS=''
HUGE_VAL_SANITY=''
INSTALL_DATA=''
INSTALL_LTDL_FALSE=''
INSTALL_LTDL_TRUE=''
INSTALL_PROGRAM=''
INSTALL_SCRIPT=''
INTERNAL_PREFIX=''
JIT=''
KEEP_SYMBOLS=''
LDFLAGS=''
LIBADD_DL=''
LIBOBJS=''
LIBS=''
LIBXML2_INC=''
LIBXML2_LIBS=''
LINKALL=''
LLVM_BINDIR=''
LLVM_CONFIGTIME=''
LLVM_COPYRIGHT='Copyright (c) 2003-2013 University of Illinois at Urbana-Champaign.'
LLVM_CROSS_COMPILING=''
LLVM_DATADIR=''
LLVM_DOCSDIR=''
LLVM_ENABLE_THREADS=''
LLVM_ENABLE_ZLIB=''
LLVM_ENUM_ASM_PARSERS=''
LLVM_ENUM_ASM_PRINTERS=''
LLVM_ENUM_DISASSEMBLERS=''
LLVM_ENUM_TARGETS=''
LLVM_ETCDIR=''
LLVM_HAS_POLLY=''
LLVM_INCLUDEDIR=''
LLVM_INFODIR=''
LLVM_LIBDIR=''
LLVM_MANDIR=''
LLVM_ON_UNIX=''
LLVM_ON_WIN32=''
LLVM_PREFIX=''
LN_S=''
LTLIBOBJS=''
MKDIR=''
MMAP_FILE=''
MV=''
NEATO=''
NM=''
NOLINKALL=''
NO_MAYBE_UNINITIALIZED=''
NO_MISSING_FIELD_INITIALIZERS=''
NO_UNINITIALIZED=''
NO_VARIADIC_MACROS=''
OBJEXT=''
OCAMLC=''
OCAMLDEP=''
OCAMLDOC=''
OCAMLOPT=''
OCAML_LIBDIR=''
OPTIMIZE_OPTION=''
OS=''
PACKAGE_BUGREPORT='http://llvm.org/bugs/'
PACKAGE_NAME='LLVM'
PACKAGE_STRING='LLVM 3.3'
PACKAGE_TARNAME='llvm'
PACKAGE_VERSION='3.3'
PATH_SEPARATOR=':'
PDFROFF=''
PYTHON=''
RANLIB=''
RDYNAMIC=''
RM=''
RPATH=''
SED=''
SHELL='/bin/sh'
SHLIBEXT=''
SHLIBPATH_VAR=''
TAR=''
TARGETS_TO_BUILD=''
TARGET_HAS_JIT=''
TARGET_OS=''
TWOPI=''
USE_INTEL_JITEVENTS=''
USE_OPROFILE=''
USE_UDIS86=''
XDOT_PY=''
XML2CONFIG=''
ZIP=''
ac_ct_CC=''
ac_ct_CXX=''
bindir='${exec_prefix}/bin'
build=''
build_alias=''
build_cpu=''
build_os=''
build_vendor=''
datadir='${datarootdir}'
datarootdir='${prefix}/share'
docdir='${datarootdir}/doc/${PACKAGE_TARNAME}'
dvidir='${docdir}'
exec_prefix='NONE'
host=''
host_alias=''
host_cpu=''
host_os=''
host_vendor=''
htmldir='${docdir}'
ifGNUmake=''
includedir='${prefix}/include'
infodir='${datarootdir}/info'
libdir='${exec_prefix}/lib'
libexecdir='${exec_prefix}/libexec'
localedir='${datarootdir}/locale'
localstatedir='${prefix}/var'
mandir='${datarootdir}/man'
oldincludedir='/usr/include'
pdfdir='${docdir}'
prefix='NONE'
program_prefix='NONE'
program_transform_name='s,x,x,'
psdir='${docdir}'
sbindir='${exec_prefix}/sbin'
sharedstatedir='${prefix}/com'
subdirs=''
sysconfdir='${prefix}/etc'
target=''
target_alias=''
target_cpu=''
target_os=''
target_vendor=''

## ----------- ##
## confdefs.h. ##
## ----------- ##

#define PACKAGE_NAME "LLVM"
#define PACKAGE_TARNAME "llvm"
#define PACKAGE_VERSION "3.3"
#define PACKAGE_STRING "LLVM 3.3"
#define PACKAGE_BUGREPORT "http://llvm.org/bugs/"
#define LLVM_VERSION_MAJOR 3
#define LLVM_VERSION_MINOR 3

configure: exit 1
